<?xml version="1.0" encoding="UTF-8"?>
<testng-results ignored="0" total="1" passed="1" failed="0" skipped="0">
  <reporter-output>
  </reporter-output>
  <suite started-at="2021-10-26T22:23:16 EDT" name="Default suite" finished-at="2021-10-26T22:24:06 EDT" duration-ms="50493">
    <groups>
    </groups>
    <test started-at="2021-10-26T22:23:16 EDT" name="Default test" finished-at="2021-10-26T22:24:06 EDT" duration-ms="50493">
      <class name="test.ChangeAccountInfoTest">
        <test-method signature="validUserShouldBeAbleToChangeAccountInfo()[pri:0, instance:test.ChangeAccountInfoTest@30b6ffe0]" started-at="2021-10-26T22:23:16 EDT" name="validUserShouldBeAbleToChangeAccountInfo" finished-at="2021-10-26T22:24:06 EDT" duration-ms="50381" status="PASS">
          <reporter-output>
          </reporter-output>
        </test-method> <!-- validUserShouldBeAbleToChangeAccountInfo -->
      </class> <!-- test.ChangeAccountInfoTest -->
    </test> <!-- Default test -->
  </suite> <!-- Default suite -->
</testng-results>
